\BOOKMARK [0][-]{chapter.1}{Introduction}{}% 1
\BOOKMARK [1][-]{section.1.1}{Background and introduction to the study}{chapter.1}% 2
\BOOKMARK [1][-]{section.1.2}{Theoretical introduction}{chapter.1}% 3
\BOOKMARK [2][-]{subsection.1.2.1}{Basic information about harmonics}{section.1.2}% 4
\BOOKMARK [2][-]{subsection.1.2.2}{Harmonic indices}{section.1.2}% 5
\BOOKMARK [2][-]{subsection.1.2.3}{Sources of harmonics}{section.1.2}% 6
\BOOKMARK [3][-]{subsubsection.1.2.3.1}{Harmonics from power electronics elements}{subsection.1.2.3}% 7
\BOOKMARK [2][-]{subsection.1.2.4}{Harmonic Resonance}{section.1.2}% 8
\BOOKMARK [3][-]{subsubsection.1.2.4.1}{Series AC resonance}{subsection.1.2.4}% 9
\BOOKMARK [3][-]{subsubsection.1.2.4.2}{Parallel AC resonance}{subsection.1.2.4}% 10
\BOOKMARK [3][-]{subsubsection.1.2.4.3}{Tank circuit parallel AC resonance}{subsection.1.2.4}% 11
\BOOKMARK [3][-]{subsubsection.1.2.4.4}{Factors affecting resonance}{subsection.1.2.4}% 12
\BOOKMARK [2][-]{subsection.1.2.5}{Effects of harmonics}{section.1.2}% 13
\BOOKMARK [2][-]{subsection.1.2.6}{Nabe and Akagi instantaneous power theory}{section.1.2}% 14
\BOOKMARK [2][-]{subsection.1.2.7}{Park Transformation}{section.1.2}% 15
\BOOKMARK [1][-]{section.1.3}{Analysis methods of harmonics propagation}{chapter.1}% 16
\BOOKMARK [2][-]{subsection.1.3.1}{Frequency Sweep}{section.1.3}% 17
\BOOKMARK [2][-]{subsection.1.3.2}{Harmonic Resonance Modal Analysis}{section.1.3}% 18
\BOOKMARK [1][-]{section.1.4}{Harmonics in Wind Power Plant}{chapter.1}% 19
\BOOKMARK [2][-]{subsection.1.4.1}{Converter topology in WPP}{section.1.4}% 20
\BOOKMARK [2][-]{subsection.1.4.2}{Control of harmonics and harmonic resonance}{section.1.4}% 21
\BOOKMARK [2][-]{subsection.1.4.3}{Short circuit current at PCC}{section.1.4}% 22
\BOOKMARK [2][-]{subsection.1.4.4}{Internal WPP resonance}{section.1.4}% 23
\BOOKMARK [1][-]{section.1.5}{Stability of WPP}{chapter.1}% 24
\BOOKMARK [2][-]{subsection.1.5.1}{Harmonic Stability}{section.1.5}% 25
\BOOKMARK [2][-]{subsection.1.5.2}{Stability evaluation model}{section.1.5}% 26
\BOOKMARK [2][-]{subsection.1.5.3}{Stability assessment}{section.1.5}% 27
\BOOKMARK [1][-]{section.1.6}{Modelling of elements}{chapter.1}% 28
\BOOKMARK [2][-]{subsection.1.6.1}{Transformers}{section.1.6}% 29
\BOOKMARK [2][-]{subsection.1.6.2}{Cables}{section.1.6}% 30
\BOOKMARK [2][-]{subsection.1.6.3}{Filter reactors}{section.1.6}% 31
\BOOKMARK [2][-]{subsection.1.6.4}{Power converters}{section.1.6}% 32
\BOOKMARK [3][-]{subsubsection.1.6.4.1}{Voltage Source \(VS\) and Current Source \(CS\) models}{subsection.1.6.4}% 33
\BOOKMARK [3][-]{subsubsection.1.6.4.2}{Frequency dependent impedance model “Z\(s\)”}{subsection.1.6.4}% 34
\BOOKMARK [1][-]{section.1.7}{Harmonics and power quality regulations}{chapter.1}% 35
\BOOKMARK [1][-]{section.1.8}{Environmental impact}{chapter.1}% 36
\BOOKMARK [1][-]{section.1.9}{Temporary planning and cost of the thesis development}{chapter.1}% 37
\BOOKMARK [0][-]{chapter.2}{Simulations}{}% 38
\BOOKMARK [1][-]{section.2.1}{System description}{chapter.2}% 39
\BOOKMARK [2][-]{subsection.2.1.1}{Network impedance model}{section.2.1}% 40
\BOOKMARK [2][-]{subsection.2.1.2}{Topology cases}{section.2.1}% 41
\BOOKMARK [2][-]{subsection.2.1.3}{Power converters models}{section.2.1}% 42
\BOOKMARK [1][-]{section.2.2}{Comparison of resonance frequencies between different topology cases and converter models}{chapter.2}% 43
\BOOKMARK [2][-]{subsection.2.2.1}{Case 1}{section.2.2}% 44
\BOOKMARK [2][-]{subsection.2.2.2}{Case 2}{section.2.2}% 45
\BOOKMARK [2][-]{subsection.2.2.3}{Case 3}{section.2.2}% 46
\BOOKMARK [2][-]{subsection.2.2.4}{Comparison between topology cases}{section.2.2}% 47
\BOOKMARK [3][-]{subsubsection.2.2.4.1}{VS model}{subsection.2.2.4}% 48
\BOOKMARK [3][-]{subsubsection.2.2.4.2}{CS-WT model}{subsection.2.2.4}% 49
\BOOKMARK [3][-]{subsubsection.2.2.4.3}{Z\(s\) model}{subsection.2.2.4}% 50
\BOOKMARK [3][-]{subsubsection.2.2.4.4}{Comparison between topology cases and conclusions}{subsection.2.2.4}% 51
\BOOKMARK [1][-]{section.2.3}{Stability study with respect to topology cases}{chapter.2}% 52
\BOOKMARK [2][-]{subsection.2.3.1}{Case 1 stability}{section.2.3}% 53
\BOOKMARK [2][-]{subsection.2.3.2}{Case 2 stability}{section.2.3}% 54
\BOOKMARK [2][-]{subsection.2.3.3}{Case 3 stability}{section.2.3}% 55
\BOOKMARK [2][-]{subsection.2.3.4}{Comparison to FS and HRMA and conclusions}{section.2.3}% 56
\BOOKMARK [0][-]{chapter*.117}{Bibliography}{}% 57
